app/build/intermediates/manifest_merge_blame_file/debug/manifest-merger-blame-debug-report.txt
1<?xml version="1.0" encoding="utf-8"?>
2<!--
3  AndroidManifest.xml
4
5  Copyright (c) 2014 Amazon.com, Inc. or its affiliates. All Rights Reserved.
6
7  PROPRIETARY/CONFIDENTIAL
8
9  Use is subject to license terms.
10-->
11<manifest xmlns:android="http://schemas.android.com/apk/res/android"
12    package="com.amazon.whisperplay.fling.media.player"
13    android:versionCode="1"
14    android:versionName="1.0" >
15
16    <uses-sdk
17        android:minSdkVersion="19"
17-->src\main\AndroidManifest.xml
18        android:targetSdkVersion="22" />
18-->src\main\AndroidManifest.xml
19
20    <uses-permission android:name="android.permission.INTERNET" />
20-->src\main\AndroidManifest.xml:12:5-66
20-->src\main\AndroidManifest.xml:12:22-64
21    <uses-permission android:name="android.permission.ACCESS_WIFI_STATE" />
21-->src\main\AndroidManifest.xml:13:5-75
21-->src\main\AndroidManifest.xml:13:22-73
22    <uses-permission android:name="android.permission.ACCESS_NETWORK_STATE" />
22-->src\main\AndroidManifest.xml:14:5-78
22-->src\main\AndroidManifest.xml:14:22-76
23
24    <application
24-->src\main\AndroidManifest.xml:16:5-42:19
25        android:debuggable="true"
26        android:label="@string/app_name"
26-->src\main\AndroidManifest.xml:17:9-41
27        android:testOnly="true" >
28        <uses-library
28-->src\main\AndroidManifest.xml:19:9-97
29            android:name="com.amazon.whisperplay.contracts"
29-->src\main\AndroidManifest.xml:19:23-70
30            android:required="true" />
30-->src\main\AndroidManifest.xml:19:71-94
31
32        <service
32-->src\main\AndroidManifest.xml:21:9-93
33            android:name="com.amazon.whisperplay.fling.media.player.CustomMediaPlayerService"
33-->src\main\AndroidManifest.xml:21:18-58
34            android:exported="true" />
34-->src\main\AndroidManifest.xml:21:59-82
35
36        <meta-data
36-->src\main\AndroidManifest.xml:22:9-84
37            android:name="whisperplay"
37-->src\main\AndroidManifest.xml:22:56-82
38            android:resource="@xml/whisperplay" />
38-->src\main\AndroidManifest.xml:22:20-55
39
40        <activity
40-->src\main\AndroidManifest.xml:24:9-30:20
41            android:name="com.amazon.whisperplay.fling.media.player.activity.MediaViewer"
41-->src\main\AndroidManifest.xml:27:13-90
42            android:configChanges="mcc|mnc|locale|touchscreen|keyboard|keyboardHidden|navigation|orientation|screenLayout|uiMode|screenSize|smallestScreenSize|layoutDirection|fontScale"
42-->src\main\AndroidManifest.xml:25:13-186
43            android:finishOnTaskLaunch="true"
43-->src\main\AndroidManifest.xml:29:13-46
44            android:label="@string/app_name"
44-->src\main\AndroidManifest.xml:26:13-45
45            android:launchMode="singleInstance" >
45-->src\main\AndroidManifest.xml:28:13-48
46        </activity>
47        <activity
47-->src\main\AndroidManifest.xml:32:9-40:20
48            android:name="com.amazon.whisperplay.fling.media.player.LauncherSplashActivity"
48-->src\main\AndroidManifest.xml:34:13-51
49            android:configChanges="keyboardHidden|orientation|screenSize"
49-->src\main\AndroidManifest.xml:33:13-74
50            android:label="@string/title_activity_launcher_splash" >
50-->src\main\AndroidManifest.xml:35:13-67
51            <intent-filter>
51-->src\main\AndroidManifest.xml:36:13-39:29
52                <action android:name="android.intent.action.MAIN" />
52-->src\main\AndroidManifest.xml:37:17-69
52-->src\main\AndroidManifest.xml:37:25-66
53
54                <category android:name="android.intent.category.LAUNCHER" />
54-->src\main\AndroidManifest.xml:38:17-77
54-->src\main\AndroidManifest.xml:38:27-74
55            </intent-filter>
56        </activity>
57    </application>
58
59</manifest>